0 info it worked if it ends with ok
1 verbose cli [ '/usr/bin/node',
1 verbose cli   '/usr/bin/npm',
1 verbose cli   'install',
1 verbose cli   'connect-moderewrite',
1 verbose cli   '--save-dev' ]
2 info using npm@1.4.28
3 info using node@v0.10.36
4 verbose node symlink /usr/bin/node
5 warn package.json multiroom-mpd-ui@0.0.1 No description
6 warn package.json multiroom-mpd-ui@0.0.1 No repository field.
7 warn package.json multiroom-mpd-ui@0.0.1 No README data
8 warn package.json karma-coffee-preprocessor@0.2.1 No README data
9 verbose readDependencies using package.json deps
10 verbose cache add [ 'connect-moderewrite', null ]
11 verbose cache add name=undefined spec="connect-moderewrite" args=["connect-moderewrite",null]
12 verbose parsed url { protocol: null,
12 verbose parsed url   slashes: null,
12 verbose parsed url   auth: null,
12 verbose parsed url   host: null,
12 verbose parsed url   port: null,
12 verbose parsed url   hostname: null,
12 verbose parsed url   hash: null,
12 verbose parsed url   search: null,
12 verbose parsed url   query: null,
12 verbose parsed url   pathname: 'connect-moderewrite',
12 verbose parsed url   path: 'connect-moderewrite',
12 verbose parsed url   href: 'connect-moderewrite' }
13 silly lockFile 6fe90198-connect-moderewrite connect-moderewrite
14 verbose lock connect-moderewrite /home/xavier/.npm/6fe90198-connect-moderewrite.lock
15 silly lockFile 6fe90198-connect-moderewrite connect-moderewrite
16 silly lockFile 6fe90198-connect-moderewrite connect-moderewrite
17 verbose addNamed [ 'connect-moderewrite', '' ]
18 verbose addNamed [ null, '*' ]
19 silly lockFile bb755154-connect-moderewrite connect-moderewrite@
20 verbose lock connect-moderewrite@ /home/xavier/.npm/bb755154-connect-moderewrite.lock
21 silly addNameRange { name: 'connect-moderewrite', range: '*', hasData: false }
22 verbose request where is /connect-moderewrite
23 verbose request registry https://registry.npmjs.org/
24 verbose request id 05a50b9a6486f03c
25 verbose url raw /connect-moderewrite
26 verbose url resolving [ 'https://registry.npmjs.org/', './connect-moderewrite' ]
27 verbose url resolved https://registry.npmjs.org/connect-moderewrite
28 verbose request where is https://registry.npmjs.org/connect-moderewrite
29 info trying registry request attempt 1 at 22:36:37
30 http GET https://registry.npmjs.org/connect-moderewrite
31 http 404 https://registry.npmjs.org/connect-moderewrite
32 verbose headers { date: 'Wed, 18 Mar 2015 21:36:38 GMT',
32 verbose headers   server: 'CouchDB/1.5.0 (Erlang OTP/R16B03)',
32 verbose headers   'content-type': 'application/json',
32 verbose headers   'cache-control': 'max-age=0',
32 verbose headers   'content-length': '51',
32 verbose headers   'accept-ranges': 'bytes',
32 verbose headers   via: '1.1 varnish',
32 verbose headers   age: '0',
32 verbose headers   'x-served-by': 'cache-lhr6334-LHR',
32 verbose headers   'x-cache': 'MISS',
32 verbose headers   'x-cache-hits': '0',
32 verbose headers   'x-timer': 'S1426714597.979720,VS0,VE368',
32 verbose headers   'keep-alive': 'timeout=10, max=50',
32 verbose headers   connection: 'Keep-Alive' }
33 silly registry.get cb [ 404,
33 silly registry.get   { date: 'Wed, 18 Mar 2015 21:36:38 GMT',
33 silly registry.get     server: 'CouchDB/1.5.0 (Erlang OTP/R16B03)',
33 silly registry.get     'content-type': 'application/json',
33 silly registry.get     'cache-control': 'max-age=0',
33 silly registry.get     'content-length': '51',
33 silly registry.get     'accept-ranges': 'bytes',
33 silly registry.get     via: '1.1 varnish',
33 silly registry.get     age: '0',
33 silly registry.get     'x-served-by': 'cache-lhr6334-LHR',
33 silly registry.get     'x-cache': 'MISS',
33 silly registry.get     'x-cache-hits': '0',
33 silly registry.get     'x-timer': 'S1426714597.979720,VS0,VE368',
33 silly registry.get     'keep-alive': 'timeout=10, max=50',
33 silly registry.get     connection: 'Keep-Alive' } ]
34 silly lockFile bb755154-connect-moderewrite connect-moderewrite@
35 silly lockFile bb755154-connect-moderewrite connect-moderewrite@
36 error 404 404 Not Found: connect-moderewrite
36 error 404
36 error 404 'connect-moderewrite' is not in the npm registry.
36 error 404 You should bug the author to publish it
36 error 404 It was specified as a dependency of 'multiroom-mpd-ui'
36 error 404
36 error 404 Note that you can also install from a
36 error 404 tarball, folder, or http url, or git url.
37 error System Linux 3.18.5-031805-generic
38 error command "/usr/bin/node" "/usr/bin/npm" "install" "connect-moderewrite" "--save-dev"
39 error cwd /home/xavier/IdeaProjects/multiroom-mpd/multiroom-mpd-ui
40 error node -v v0.10.36
41 error npm -v 1.4.28
42 error code E404
43 verbose exit [ 1, true ]
